#
# There is insufficient memory for the Java Runtime Environment to continue.
# Native memory allocation (malloc) failed to allocate 1914720 bytes. Error detail: Chunk::new
# Possible reasons:
#   The system is out of physical RAM or swap space
#   This process is running with CompressedOops enabled, and the Java Heap may be blocking the growth of the native heap
# Possible solutions:
#   Reduce memory load on the system
#   Increase physical memory or swap space
#   Check if swap backing store is full
#   Decrease Java heap size (-Xmx/-Xms)
#   Decrease number of Java threads
#   Decrease Java thread stack sizes (-Xss)
#   Set larger code cache with -XX:ReservedCodeCacheSize=
#   JVM is running with Unscaled Compressed Oops mode in which the Java heap is
#     placed in the first 4GB address space. The Java Heap base address is the
#     maximum limit for the native heap growth. Please use -XX:HeapBaseMinAddress
#     to set the Java Heap base and to place the Java Heap above 4GB virtual address.
# This output file may be truncated or incomplete.
#
#  Out of Memory Error (arena.cpp:168), pid=41868, tid=36944
#
# JRE version: OpenJDK Runtime Environment Temurin-21.0.10+7 (21.0.10+7) (build 21.0.10+7-LTS)
# Java VM: OpenJDK 64-Bit Server VM Temurin-21.0.10+7 (21.0.10+7-LTS, mixed mode, sharing, tiered, compressed oops, compressed class ptrs, parallel gc, windows-amd64)
# No core dump will be written. Minidumps are not enabled by default on client versions of Windows
#

---------------  S U M M A R Y ------------

Command Line: --add-modules=ALL-SYSTEM --add-opens=java.base/java.util=ALL-UNNAMED --add-opens=java.base/java.lang=ALL-UNNAMED --add-opens=java.base/sun.nio.fs=ALL-UNNAMED -Declipse.application=org.eclipse.jdt.ls.core.id1 -Dosgi.bundles.defaultStartLevel=4 -Declipse.product=org.eclipse.jdt.ls.core.product -Djava.import.generatesMetadataFilesAtProjectRoot=false -DDetectVMInstallationsJob.disabled=true -Dfile.encoding=utf8 -XX:+UseParallelGC -XX:GCTimeRatio=4 -XX:AdaptiveSizePolicyWeight=90 -Dsun.zip.disableMemoryMapping=true -Xmx2G -Xms100m -Xlog:disable -javaagent:c:\Users\Lenovo\.vscode\extensions\redhat.java-1.53.0-win32-x64\lombok\lombok-1.18.39-4050.jar -XX:+HeapDumpOnOutOfMemoryError -XX:HeapDumpPath=c:\Users\Lenovo\AppData\Roaming\Code\User\workspaceStorage\d67173f3997b30766bbb0bb098e98c84\redhat.java -Daether.dependencyCollector.impl=bf c:\Users\Lenovo\.vscode\extensions\redhat.java-1.53.0-win32-x64\server\plugins\org.eclipse.equinox.launcher_1.7.100.v20251111-0406.jar -configuration c:\Users\Lenovo\AppData\Roaming\Code\User\globalStorage\redhat.java\1.53.0\config_win -data c:\Users\Lenovo\AppData\Roaming\Code\User\workspaceStorage\d67173f3997b30766bbb0bb098e98c84\redhat.java\jdt_ws --pipe=\\.\pipe\lsp-166c9a1ddb651a173a05170d1887d61a-sock

Host: 13th Gen Intel(R) Core(TM) i5-13420H, 12 cores, 15G,  Windows 11 , 64 bit Build 26100 (10.0.26100.7920)
Time: Thu Mar 26 13:52:01 2026 India Standard Time elapsed time: 21870.172150 seconds (0d 6h 4m 30s)

---------------  T H R E A D  ---------------

Current thread (0x000001e486aa0060):  JavaThread "C2 CompilerThread0" daemon [_thread_in_native, id=36944, stack(0x000000dde9800000,0x000000dde9900000) (1024K)]


Current CompileTask:
C2:21870172 25209   !   4       org.eclipse.jdt.internal.compiler.classfmt.ClassFileReader::<init> (1968 bytes)

Stack: [0x000000dde9800000,0x000000dde9900000]
Native frames: (J=compiled Java code, j=interpreted, Vv=VM code, C=native code)
V  [jvm.dll+0x6d7a39]
V  [jvm.dll+0x8b4b26]
V  [jvm.dll+0x8b70de]
V  [jvm.dll+0x8b77c3]
V  [jvm.dll+0x284346]
V  [jvm.dll+0xc66ed]
V  [jvm.dll+0xc6c31]
V  [jvm.dll+0x3bec3b]
V  [jvm.dll+0x1e3f69]
V  [jvm.dll+0x24c6b3]
V  [jvm.dll+0x24bb40]
V  [jvm.dll+0x1cb34e]
V  [jvm.dll+0x25b85d]
V  [jvm.dll+0x259dea]
V  [jvm.dll+0x3f857e]
V  [jvm.dll+0x85f59d]
V  [jvm.dll+0x6d626d]
C  [ucrtbase.dll+0x37b0]
C  [KERNEL32.DLL+0x2e8d7]
C  [ntdll.dll+0x8c48c]


---------------  P R O C E S S  ---------------

Threads class SMR info:
_java_thread_list=0x000001e48ea955c0, length=48, elements={
0x000001e42d02d390, 0x000001e443ade4f0, 0x000001e486a90440, 0x000001e486a95e00,
0x000001e486a98080, 0x000001e486a9e690, 0x000001e486a9f0f0, 0x000001e486aa0060,
0x000001e486aafbe0, 0x000001e486c9e820, 0x000001e486e0fe00, 0x000001e48b7d2970,
0x000001e48b6fa560, 0x000001e48b6e9fd0, 0x000001e48b6086d0, 0x000001e48b97b6e0,
0x000001e486e83800, 0x000001e48bdb3cc0, 0x000001e48bc26ad0, 0x000001e48bc28510,
0x000001e48bc25db0, 0x000001e48bc26440, 0x000001e48c305390, 0x000001e48c304670,
0x000001e48c306dd0, 0x000001e48c304d00, 0x000001e48c3060b0, 0x000001e48c306740,
0x000001e48c305a20, 0x000001e48c303950, 0x000001e48c307460, 0x000001e48c303fe0,
0x000001e48c307af0, 0x000001e48c30af70, 0x000001e48c308810, 0x000001e48c309530,
0x000001e48f4515a0, 0x000001e49f25b0d0, 0x000001e48f453670, 0x000001e48f8c3810,
0x000001e48f8c1dd0, 0x000001e48f8c3180, 0x000001e48f8c4530, 0x000001e48f8c58e0,
0x000001e48f8c2460, 0x000001e48f8c8040, 0x000001e48f8c86d0, 0x000001e48f8c7320
}

Java Threads: ( => current thread )
  0x000001e42d02d390 JavaThread "main"                              [_thread_blocked, id=23964, stack(0x000000dde8e00000,0x000000dde8f00000) (1024K)]
  0x000001e443ade4f0 JavaThread "Reference Handler"          daemon [_thread_blocked, id=32288, stack(0x000000dde9200000,0x000000dde9300000) (1024K)]
  0x000001e486a90440 JavaThread "Finalizer"                  daemon [_thread_blocked, id=30216, stack(0x000000dde9300000,0x000000dde9400000) (1024K)]
  0x000001e486a95e00 JavaThread "Signal Dispatcher"          daemon [_thread_blocked, id=23384, stack(0x000000dde9400000,0x000000dde9500000) (1024K)]
  0x000001e486a98080 JavaThread "Attach Listener"            daemon [_thread_blocked, id=7712, stack(0x000000dde9500000,0x000000dde9600000) (1024K)]
  0x000001e486a9e690 JavaThread "Service Thread"             daemon [_thread_blocked, id=29056, stack(0x000000dde9600000,0x000000dde9700000) (1024K)]
  0x000001e486a9f0f0 JavaThread "Monitor Deflation Thread"   daemon [_thread_blocked, id=30392, stack(0x000000dde9700000,0x000000dde9800000) (1024K)]
=>0x000001e486aa0060 JavaThread "C2 CompilerThread0"         daemon [_thread_in_native, id=36944, stack(0x000000dde9800000,0x000000dde9900000) (1024K)]
  0x000001e486aafbe0 JavaThread "C1 CompilerThread0"         daemon [_thread_blocked, id=41008, stack(0x000000dde9900000,0x000000dde9a00000) (1024K)]
  0x000001e486c9e820 JavaThread "Common-Cleaner"             daemon [_thread_blocked, id=23900, stack(0x000000dde9b00000,0x000000dde9c00000) (1024K)]
  0x000001e486e0fe00 JavaThread "Notification Thread"        daemon [_thread_blocked, id=33416, stack(0x000000dde9a00000,0x000000dde9b00000) (1024K)]
  0x000001e48b7d2970 JavaThread "Active Thread: Equinox Container: 8f0b0915-db0a-45b9-91da-9af4ebc31fc3"        [_thread_blocked, id=16348, stack(0x000000ddea400000,0x000000ddea500000) (1024K)]
  0x000001e48b6fa560 JavaThread "Refresh Thread: Equinox Container: 8f0b0915-db0a-45b9-91da-9af4ebc31fc3" daemon [_thread_blocked, id=25948, stack(0x000000dde9d00000,0x000000dde9e00000) (1024K)]
  0x000001e48b6e9fd0 JavaThread "Framework Event Dispatcher: Equinox Container: 8f0b0915-db0a-45b9-91da-9af4ebc31fc3" daemon [_thread_blocked, id=37072, stack(0x000000ddea500000,0x000000ddea600000) (1024K)]
  0x000001e48b6086d0 JavaThread "Start Level: Equinox Container: 8f0b0915-db0a-45b9-91da-9af4ebc31fc3" daemon [_thread_blocked, id=31024, stack(0x000000ddea600000,0x000000ddea700000) (1024K)]
  0x000001e48b97b6e0 JavaThread "Bundle File Closer"         daemon [_thread_blocked, id=27636, stack(0x000000ddea900000,0x000000ddeaa00000) (1024K)]
  0x000001e486e83800 JavaThread "SCR Component Actor"        daemon [_thread_blocked, id=34712, stack(0x000000dde8d00000,0x000000dde8e00000) (1024K)]
  0x000001e48bdb3cc0 JavaThread "Worker-JM"                         [_thread_blocked, id=26148, stack(0x000000ddeac00000,0x000000ddead00000) (1024K)]
  0x000001e48bc26ad0 JavaThread "JNA Cleaner"                daemon [_thread_blocked, id=29356, stack(0x000000ddeaa00000,0x000000ddeab00000) (1024K)]
  0x000001e48bc28510 JavaThread "Java indexing"              daemon [_thread_blocked, id=21288, stack(0x000000ddeaf00000,0x000000ddeb000000) (1024K)]
  0x000001e48bc25db0 JavaThread "Thread-1"                   daemon [_thread_in_native, id=41500, stack(0x000000ddeb500000,0x000000ddeb600000) (1024K)]
  0x000001e48bc26440 JavaThread "Thread-2"                   daemon [_thread_in_native, id=41140, stack(0x000000ddeb600000,0x000000ddeb700000) (1024K)]
  0x000001e48c305390 JavaThread "Thread-3"                   daemon [_thread_in_native, id=34028, stack(0x000000ddeb700000,0x000000ddeb800000) (1024K)]
  0x000001e48c304670 JavaThread "Thread-4"                   daemon [_thread_in_native, id=20808, stack(0x000000ddeb800000,0x000000ddeb900000) (1024K)]
  0x000001e48c306dd0 JavaThread "Thread-5"                   daemon [_thread_in_native, id=37896, stack(0x000000ddeb900000,0x000000ddeba00000) (1024K)]
  0x000001e48c304d00 JavaThread "Thread-6"                   daemon [_thread_in_native, id=37232, stack(0x000000ddeba00000,0x000000ddebb00000) (1024K)]
  0x000001e48c3060b0 JavaThread "Thread-7"                   daemon [_thread_in_native, id=30948, stack(0x000000ddebb00000,0x000000ddebc00000) (1024K)]
  0x000001e48c306740 JavaThread "Thread-8"                   daemon [_thread_in_native, id=5356, stack(0x000000ddebc00000,0x000000ddebd00000) (1024K)]
  0x000001e48c305a20 JavaThread "Thread-9"                   daemon [_thread_in_native, id=40596, stack(0x000000ddebd00000,0x000000ddebe00000) (1024K)]
  0x000001e48c303950 JavaThread "Thread-10"                  daemon [_thread_in_native, id=36404, stack(0x000000ddebe00000,0x000000ddebf00000) (1024K)]
  0x000001e48c307460 JavaThread "Thread-11"                  daemon [_thread_in_native, id=37492, stack(0x000000ddebf00000,0x000000ddec000000) (1024K)]
  0x000001e48c303fe0 JavaThread "Thread-12"                  daemon [_thread_in_native, id=19024, stack(0x000000ddec000000,0x000000ddec100000) (1024K)]
  0x000001e48c307af0 JavaThread "Thread-13"                  daemon [_thread_in_native, id=29416, stack(0x000000ddec100000,0x000000ddec200000) (1024K)]
  0x000001e48c30af70 JavaThread "pool-2-thread-1"                   [_thread_blocked, id=34684, stack(0x000000ddec200000,0x000000ddec300000) (1024K)]
  0x000001e48c308810 JavaThread "WorkspaceEventsHandler"            [_thread_blocked, id=16112, stack(0x000000ddec500000,0x000000ddec600000) (1024K)]
  0x000001e48c309530 JavaThread "pool-1-thread-1"                   [_thread_blocked, id=39244, stack(0x000000ddec600000,0x000000ddec700000) (1024K)]
  0x000001e48f4515a0 JavaThread "Cleaner-0"                  daemon [_thread_blocked, id=18732, stack(0x000000dded300000,0x000000dded400000) (1024K)]
  0x000001e49f25b0d0 JavaThread "Worker-13"                         [_thread_blocked, id=20644, stack(0x000000ddec800000,0x000000ddec900000) (1024K)]
  0x000001e48f453670 JavaThread "Worker-14"                         [_thread_blocked, id=37192, stack(0x000000dde8b00000,0x000000dde8c00000) (1024K)]
  0x000001e48f8c3810 JavaThread "ForkJoinPool.commonPool-worker-69" daemon [_thread_blocked, id=27440, stack(0x000000dde8c00000,0x000000dde8d00000) (1024K)]
  0x000001e48f8c1dd0 JavaThread "ForkJoinPool.commonPool-worker-70" daemon [_thread_blocked, id=32868, stack(0x000000ddead00000,0x000000ddeae00000) (1024K)]
  0x000001e48f8c3180 JavaThread "ForkJoinPool.commonPool-worker-71" daemon [_thread_blocked, id=27208, stack(0x000000ddeae00000,0x000000ddeaf00000) (1024K)]
  0x000001e48f8c4530 JavaThread "Compiler Source File Reader" daemon [_thread_blocked, id=41536, stack(0x000000ddeb000000,0x000000ddeb100000) (1024K)]
  0x000001e48f8c58e0 JavaThread "Compiler Source File Reader" daemon [_thread_blocked, id=26232, stack(0x000000ddeb100000,0x000000ddeb200000) (1024K)]
  0x000001e48f8c2460 JavaThread "Compiler Source File Reader" daemon [_thread_blocked, id=15892, stack(0x000000ddeb200000,0x000000ddeb300000) (1024K)]
  0x000001e48f8c8040 JavaThread "Worker-16"                         [_thread_blocked, id=41148, stack(0x000000ddeb400000,0x000000ddeb500000) (1024K)]
  0x000001e48f8c86d0 JavaThread "Compiler Processing Task"   daemon [_thread_blocked, id=29604, stack(0x000000ddec300000,0x000000ddec400000) (1024K)]
  0x000001e48f8c7320 JavaThread "Compiler Source File Reader" daemon [_thread_blocked, id=40136, stack(0x000000ddeab00000,0x000000ddeac00000) (1024K)]
Total: 48

Other Threads:
  0x000001e443ac40c0 VMThread "VM Thread"                           [id=13928, stack(0x000000dde9100000,0x000000dde9200000) (1024K)]
  0x000001e4439bca00 WatcherThread "VM Periodic Task Thread"        [id=39580, stack(0x000000dde9000000,0x000000dde9100000) (1024K)]
  0x000001e42d04ca20 WorkerThread "GC Thread#0"                     [id=41640, stack(0x000000dde8f00000,0x000000dde9000000) (1024K)]
  0x000001e48b10b810 WorkerThread "GC Thread#1"                     [id=22272, stack(0x000000dde9e00000,0x000000dde9f00000) (1024K)]
  0x000001e48b10bbc0 WorkerThread "GC Thread#2"                     [id=23128, stack(0x000000dde9f00000,0x000000ddea000000) (1024K)]
  0x000001e48b0a4240 WorkerThread "GC Thread#3"                     [id=37516, stack(0x000000ddea000000,0x000000ddea100000) (1024K)]
  0x000001e48b0a45f0 WorkerThread "GC Thread#4"                     [id=11888, stack(0x000000ddea100000,0x000000ddea200000) (1024K)]
  0x000001e48b0a49a0 WorkerThread "GC Thread#5"                     [id=39612, stack(0x000000ddea200000,0x000000ddea300000) (1024K)]
  0x000001e48b410980 WorkerThread "GC Thread#6"                     [id=41852, stack(0x000000ddea300000,0x000000ddea400000) (1024K)]
  0x000001e48b8a40f0 WorkerThread "GC Thread#7"                     [id=33424, stack(0x000000dde9c00000,0x000000dde9d00000) (1024K)]
  0x000001e48b767500 WorkerThread "GC Thread#8"                     [id=37144, stack(0x000000ddea700000,0x000000ddea800000) (1024K)]
  0x000001e48be00010 WorkerThread "GC Thread#9"                     [id=35968, stack(0x000000ddea800000,0x000000ddea900000) (1024K)]
Total: 12

Threads with active compile tasks:
C2 CompilerThread0  21870184 25209   !   4       org.eclipse.jdt.internal.compiler.classfmt.ClassFileReader::<init> (1968 bytes)
Total: 1

VM state: not at safepoint (normal execution)

VM Mutex/Monitor currently owned by a thread: None

Heap address: 0x0000000080000000, size: 2048 MB, Compressed Oops mode: 32-bit

CDS archive(s) mapped at: [0x000001e444000000-0x000001e444ba0000-0x000001e444ba0000), size 12189696, SharedBaseAddress: 0x000001e444000000, ArchiveRelocationMode: 1.
Compressed class space mapped at: 0x000001e445000000-0x000001e485000000, reserved size: 1073741824
Narrow klass base: 0x000001e444000000, Narrow klass shift: 0, Narrow klass range: 0x100000000

GC Precious Log:
 CardTable entry size: 512
 CPUs: 12 total, 12 available
 Memory: 16044M
 Large Page Support: Disabled
 NUMA Support: Disabled
 Compressed Oops: Enabled (32-bit)
 Alignments: Space 512K, Generation 512K, Heap 2M
 Heap Min Capacity: 100M
 Heap Initial Capacity: 100M
 Heap Max Capacity: 2G
 Pre-touch: Disabled
 Parallel Workers: 10

Heap:
 PSYoungGen      total 5632K, used 1330K [0x00000000d5580000, 0x00000000d5c00000, 0x0000000100000000)
  eden space 5120K, 18% used [0x00000000d5580000,0x00000000d566c950,0x00000000d5a80000)
  from space 512K, 75% used [0x00000000d5b80000,0x00000000d5be0000,0x00000000d5c00000)
  to   space 512K, 0% used [0x00000000d5b00000,0x00000000d5b00000,0x00000000d5b80000)
 ParOldGen       total 1138176K, used 138804K [0x0000000080000000, 0x00000000c5780000, 0x00000000d5580000)
  object space 1138176K, 12% used [0x0000000080000000,0x000000008878d0d8,0x00000000c5780000)
 Metaspace       used 94057K, committed 95808K, reserved 1179648K
  class space    used 9522K, committed 10368K, reserved 1048576K

Card table byte_map: [0x000001e42c9d0000,0x000001e42cde0000] _byte_map_base: 0x000001e42c5d0000

Marking Bits: (ParMarkBitMap*) 0x00007ffafb8b3450
 Begin Bits: [0x000001e43f4e0000, 0x000001e4414e0000)
 End Bits:   [0x000001e4414e0000, 0x000001e4434e0000)

Polling page: 0x000001e42aee0000

Metaspace:

Usage:
  Non-class:     82.55 MB used.
      Class:      9.30 MB used.
       Both:     91.85 MB used.

Virtual space:
  Non-class space:      128.00 MB reserved,      83.44 MB ( 65%) committed,  2 nodes.
      Class space:        1.00 GB reserved,      10.12 MB ( <1%) committed,  1 nodes.
             Both:        1.12 GB reserved,      93.56 MB (  8%) committed. 

Chunk freelists:
   Non-Class:  12.34 MB
       Class:  5.88 MB
        Both:  18.22 MB

MaxMetaspaceSize: unlimited
CompressedClassSpaceSize: 1.00 GB
Initial GC threshold: 21.00 MB
Current GC threshold: 155.94 MB
CDS: on
 - commit_granule_bytes: 65536.
 - commit_granule_words: 8192.
 - virtual_space_node_default_size: 8388608.
 - enlarge_chunks_in_place: 1.
 - use_allocation_guard: 0.


Internal statistics:

num_allocs_failed_limit: 17.
num_arena_births: 1996.
num_arena_deaths: 600.
num_vsnodes_births: 3.
num_vsnodes_deaths: 0.
num_space_committed: 1497.
num_space_uncommitted: 0.
num_chunks_returned_to_freelist: 751.
num_chunks_taken_from_freelist: 6955.
num_chunk_merges: 210.
num_chunk_splits: 3923.
num_chunks_enlarged: 2086.
num_inconsistent_stats: 0.

CodeHeap 'non-profiled nmethods': size=120000Kb used=23974Kb max_used=27969Kb free=96025Kb
 bounds [0x000001e437d00000, 0x000001e439860000, 0x000001e43f230000]
CodeHeap 'profiled nmethods': size=120000Kb used=47090Kb max_used=54856Kb free=72909Kb
 bounds [0x000001e430230000, 0x000001e4337d0000, 0x000001e437760000]
CodeHeap 'non-nmethods': size=5760Kb used=1526Kb max_used=1656Kb free=4233Kb
 bounds [0x000001e437760000, 0x000001e4379d0000, 0x000001e437d00000]
CodeCache: size=245760Kb, used=72590Kb, max_used=84481Kb, free=173167Kb
 total_blobs=19551, nmethods=18706, adapters=746, full_count=0
Compilation: enabled, stopped_count=0, restarted_count=0

Compilation events (20 events):
Event: 21866.887 Thread 0x000001e498aa2990 25187       4       org.eclipse.jdt.internal.compiler.lookup.ParameterizedTypeBinding::superInterfaces (158 bytes)
Event: 21866.901 Thread 0x000001e498aa2990 nmethod 25187 0x000001e4380c0b10 code [0x000001e4380c0ea0, 0x000001e4380c2488]
Event: 21866.902 Thread 0x000001e498aa2990 25191       4       org.eclipse.jdt.internal.compiler.ASTVisitor::endVisit (1 bytes)
Event: 21866.902 Thread 0x000001e498aa2990 nmethod 25191 0x000001e437d5cb10 code [0x000001e437d5cca0, 0x000001e437d5cd28]
Event: 21866.913 Thread 0x000001e486aa0060 nmethod 25180 0x000001e438c36710 code [0x000001e438c36d60, 0x000001e438c3c170]
Event: 21868.598 Thread 0x000001e486aafbe0 25202   !   3       org.eclipse.jdt.core.dom.ASTConverter::retrieveClosingAngleBracketPosition (96 bytes)
Event: 21868.598 Thread 0x000001e486aafbe0 nmethod 25202 0x000001e43023d110 code [0x000001e43023d320, 0x000001e43023da78]
Event: 21868.607 Thread 0x000001e486aafbe0 25203       3       org.eclipse.core.internal.resources.File::readAllBytes (37 bytes)
Event: 21868.607 Thread 0x000001e486aafbe0 nmethod 25203 0x000001e430513410 code [0x000001e430513620, 0x000001e430513eb8]
Event: 21868.607 Thread 0x000001e486aafbe0 25204       3       org.eclipse.core.internal.resources.File::getCharset (6 bytes)
Event: 21868.607 Thread 0x000001e486aafbe0 nmethod 25204 0x000001e4302afe10 code [0x000001e4302affc0, 0x000001e4302b0108]
Event: 21868.607 Thread 0x000001e486aafbe0 25205       3       lombok.eclipse.EclipseAST::getAbsoluteFileLocation (5 bytes)
Event: 21868.607 Thread 0x000001e486aafbe0 nmethod 25205 0x000001e4302ea510 code [0x000001e4302ea6c0, 0x000001e4302ea7d8]
Event: 21868.607 Thread 0x000001e486aafbe0 25206       3       lombok.eclipse.TransformEclipseAST::<init> (10 bytes)
Event: 21868.607 Thread 0x000001e486aafbe0 nmethod 25206 0x000001e4302ead10 code [0x000001e4302eaec0, 0x000001e4302eb048]
Event: 21868.609 Thread 0x000001e486aafbe0 25207       3       org.eclipse.jdt.internal.compiler.ClassFile::addProblemMethod (281 bytes)
Event: 21868.611 Thread 0x000001e486aafbe0 nmethod 25207 0x000001e43274e090 code [0x000001e43274e5e0, 0x000001e4327514d0]
Event: 21869.011 Thread 0x000001e486aa0060 25208       4       org.eclipse.jdt.internal.compiler.lookup.ReferenceBinding::canBeSeenBy (30 bytes)
Event: 21869.011 Thread 0x000001e486aa0060 nmethod 25208 0x000001e437d34110 code [0x000001e437d342a0, 0x000001e437d34390]
Event: 21869.016 Thread 0x000001e486aa0060 25209   !   4       org.eclipse.jdt.internal.compiler.classfmt.ClassFileReader::<init> (1968 bytes)

GC Heap History (20 events):
Event: 21866.850 GC heap before
{Heap before GC invocations=2707 (full 6):
 PSYoungGen      total 5632K, used 5568K [0x00000000d5580000, 0x00000000d5c80000, 0x0000000100000000)
  eden space 5120K, 100% used [0x00000000d5580000,0x00000000d5a80000,0x00000000d5a80000)
  from space 512K, 87% used [0x00000000d5c00000,0x00000000d5c70000,0x00000000d5c80000)
  to   space 512K, 0% used [0x00000000d5b80000,0x00000000d5b80000,0x00000000d5c00000)
 ParOldGen       total 1138176K, used 134149K [0x0000000080000000, 0x00000000c5780000, 0x00000000d5580000)
  object space 1138176K, 11% used [0x0000000080000000,0x0000000088301710,0x00000000c5780000)
 Metaspace       used 94052K, committed 95808K, reserved 1179648K
  class space    used 9522K, committed 10368K, reserved 1048576K
}
Event: 21866.852 GC heap after
{Heap after GC invocations=2707 (full 6):
 PSYoungGen      total 5632K, used 500K [0x00000000d5580000, 0x00000000d5d80000, 0x0000000100000000)
  eden space 5120K, 0% used [0x00000000d5580000,0x00000000d5580000,0x00000000d5a80000)
  from space 512K, 97% used [0x00000000d5b80000,0x00000000d5bfd200,0x00000000d5c00000)
  to   space 1536K, 0% used [0x00000000d5c00000,0x00000000d5c00000,0x00000000d5d80000)
 ParOldGen       total 1138176K, used 134595K [0x0000000080000000, 0x00000000c5780000, 0x00000000d5580000)
  object space 1138176K, 11% used [0x0000000080000000,0x0000000088370e90,0x00000000c5780000)
 Metaspace       used 94052K, committed 95808K, reserved 1179648K
  class space    used 9522K, committed 10368K, reserved 1048576K
}
Event: 21866.860 GC heap before
{Heap before GC invocations=2708 (full 6):
 PSYoungGen      total 5632K, used 5620K [0x00000000d5580000, 0x00000000d5d80000, 0x0000000100000000)
  eden space 5120K, 100% used [0x00000000d5580000,0x00000000d5a80000,0x00000000d5a80000)
  from space 512K, 97% used [0x00000000d5b80000,0x00000000d5bfd200,0x00000000d5c00000)
  to   space 1536K, 0% used [0x00000000d5c00000,0x00000000d5c00000,0x00000000d5d80000)
 ParOldGen       total 1138176K, used 134595K [0x0000000080000000, 0x00000000c5780000, 0x00000000d5580000)
  object space 1138176K, 11% used [0x0000000080000000,0x0000000088370e90,0x00000000c5780000)
 Metaspace       used 94056K, committed 95808K, reserved 1179648K
  class space    used 9522K, committed 10368K, reserved 1048576K
}
Event: 21866.861 GC heap after
{Heap after GC invocations=2708 (full 6):
 PSYoungGen      total 6144K, used 868K [0x00000000d5580000, 0x00000000d5d00000, 0x0000000100000000)
  eden space 5120K, 0% used [0x00000000d5580000,0x00000000d5580000,0x00000000d5a80000)
  from space 1024K, 84% used [0x00000000d5c00000,0x00000000d5cd9210,0x00000000d5d00000)
  to   space 1024K, 0% used [0x00000000d5b00000,0x00000000d5b00000,0x00000000d5c00000)
 ParOldGen       total 1138176K, used 135080K [0x0000000080000000, 0x00000000c5780000, 0x00000000d5580000)
  object space 1138176K, 11% used [0x0000000080000000,0x00000000883ea0a0,0x00000000c5780000)
 Metaspace       used 94056K, committed 95808K, reserved 1179648K
  class space    used 9522K, committed 10368K, reserved 1048576K
}
Event: 21866.865 GC heap before
{Heap before GC invocations=2709 (full 6):
 PSYoungGen      total 6144K, used 5988K [0x00000000d5580000, 0x00000000d5d00000, 0x0000000100000000)
  eden space 5120K, 100% used [0x00000000d5580000,0x00000000d5a80000,0x00000000d5a80000)
  from space 1024K, 84% used [0x00000000d5c00000,0x00000000d5cd9210,0x00000000d5d00000)
  to   space 1024K, 0% used [0x00000000d5b00000,0x00000000d5b00000,0x00000000d5c00000)
 ParOldGen       total 1138176K, used 135080K [0x0000000080000000, 0x00000000c5780000, 0x00000000d5580000)
  object space 1138176K, 11% used [0x0000000080000000,0x00000000883ea0a0,0x00000000c5780000)
 Metaspace       used 94057K, committed 95808K, reserved 1179648K
  class space    used 9522K, committed 10368K, reserved 1048576K
}
Event: 21866.867 GC heap after
{Heap after GC invocations=2709 (full 6):
 PSYoungGen      total 6144K, used 576K [0x00000000d5580000, 0x00000000d5c80000, 0x0000000100000000)
  eden space 5120K, 0% used [0x00000000d5580000,0x00000000d5580000,0x00000000d5a80000)
  from space 1024K, 56% used [0x00000000d5b00000,0x00000000d5b90000,0x00000000d5c00000)
  to   space 512K, 0% used [0x00000000d5c00000,0x00000000d5c00000,0x00000000d5c80000)
 ParOldGen       total 1138176K, used 135814K [0x0000000080000000, 0x00000000c5780000, 0x00000000d5580000)
  object space 1138176K, 11% used [0x0000000080000000,0x00000000884a1978,0x00000000c5780000)
 Metaspace       used 94057K, committed 95808K, reserved 1179648K
  class space    used 9522K, committed 10368K, reserved 1048576K
}
Event: 21868.588 GC heap before
{Heap before GC invocations=2710 (full 6):
 PSYoungGen      total 6144K, used 5696K [0x00000000d5580000, 0x00000000d5c80000, 0x0000000100000000)
  eden space 5120K, 100% used [0x00000000d5580000,0x00000000d5a80000,0x00000000d5a80000)
  from space 1024K, 56% used [0x00000000d5b00000,0x00000000d5b90000,0x00000000d5c00000)
  to   space 512K, 0% used [0x00000000d5c00000,0x00000000d5c00000,0x00000000d5c80000)
 ParOldGen       total 1138176K, used 135814K [0x0000000080000000, 0x00000000c5780000, 0x00000000d5580000)
  object space 1138176K, 11% used [0x0000000080000000,0x00000000884a1978,0x00000000c5780000)
 Metaspace       used 94057K, committed 95808K, reserved 1179648K
  class space    used 9522K, committed 10368K, reserved 1048576K
}
Event: 21868.590 GC heap after
{Heap after GC invocations=2710 (full 6):
 PSYoungGen      total 5632K, used 512K [0x00000000d5580000, 0x00000000d5d80000, 0x0000000100000000)
  eden space 5120K, 0% used [0x00000000d5580000,0x00000000d5580000,0x00000000d5a80000)
  from space 512K, 100% used [0x00000000d5c00000,0x00000000d5c80000,0x00000000d5c80000)
  to   space 1536K, 0% used [0x00000000d5a80000,0x00000000d5a80000,0x00000000d5c00000)
 ParOldGen       total 1138176K, used 136454K [0x0000000080000000, 0x00000000c5780000, 0x00000000d5580000)
  object space 1138176K, 11% used [0x0000000080000000,0x0000000088541a68,0x00000000c5780000)
 Metaspace       used 94057K, committed 95808K, reserved 1179648K
  class space    used 9522K, committed 10368K, reserved 1048576K
}
Event: 21868.595 GC heap before
{Heap before GC invocations=2711 (full 6):
 PSYoungGen      total 5632K, used 5632K [0x00000000d5580000, 0x00000000d5d80000, 0x0000000100000000)
  eden space 5120K, 100% used [0x00000000d5580000,0x00000000d5a80000,0x00000000d5a80000)
  from space 512K, 100% used [0x00000000d5c00000,0x00000000d5c80000,0x00000000d5c80000)
  to   space 1536K, 0% used [0x00000000d5a80000,0x00000000d5a80000,0x00000000d5c00000)
 ParOldGen       total 1138176K, used 136454K [0x0000000080000000, 0x00000000c5780000, 0x00000000d5580000)
  object space 1138176K, 11% used [0x0000000080000000,0x0000000088541a68,0x00000000c5780000)
 Metaspace       used 94057K, committed 95808K, reserved 1179648K
  class space    used 9522K, committed 10368K, reserved 1048576K
}
Event: 21868.596 GC heap after
{Heap after GC invocations=2711 (full 6):
 PSYoungGen      total 5632K, used 416K [0x00000000d5580000, 0x00000000d5c80000, 0x0000000100000000)
  eden space 5120K, 0% used [0x00000000d5580000,0x00000000d5580000,0x00000000d5a80000)
  from space 512K, 81% used [0x00000000d5a80000,0x00000000d5ae8000,0x00000000d5b00000)
  to   space 1024K, 0% used [0x00000000d5b80000,0x00000000d5b80000,0x00000000d5c80000)
 ParOldGen       total 1138176K, used 136982K [0x0000000080000000, 0x00000000c5780000, 0x00000000d5580000)
  object space 1138176K, 12% used [0x0000000080000000,0x00000000885c5a78,0x00000000c5780000)
 Metaspace       used 94057K, committed 95808K, reserved 1179648K
  class space    used 9522K, committed 10368K, reserved 1048576K
}
Event: 21868.603 GC heap before
{Heap before GC invocations=2712 (full 6):
 PSYoungGen      total 5632K, used 5536K [0x00000000d5580000, 0x00000000d5c80000, 0x0000000100000000)
  eden space 5120K, 100% used [0x00000000d5580000,0x00000000d5a80000,0x00000000d5a80000)
  from space 512K, 81% used [0x00000000d5a80000,0x00000000d5ae8000,0x00000000d5b00000)
  to   space 1024K, 0% used [0x00000000d5b80000,0x00000000d5b80000,0x00000000d5c80000)
 ParOldGen       total 1138176K, used 136982K [0x0000000080000000, 0x00000000c5780000, 0x00000000d5580000)
  object space 1138176K, 12% used [0x0000000080000000,0x00000000885c5a78,0x00000000c5780000)
 Metaspace       used 94057K, committed 95808K, reserved 1179648K
  class space    used 9522K, committed 10368K, reserved 1048576K
}
Event: 21868.604 GC heap after
{Heap after GC invocations=2712 (full 6):
 PSYoungGen      total 6144K, used 762K [0x00000000d5580000, 0x00000000d5c80000, 0x0000000100000000)
  eden space 5120K, 0% used [0x00000000d5580000,0x00000000d5580000,0x00000000d5a80000)
  from space 1024K, 74% used [0x00000000d5b80000,0x00000000d5c3e900,0x00000000d5c80000)
  to   space 1024K, 0% used [0x00000000d5a80000,0x00000000d5a80000,0x00000000d5b80000)
 ParOldGen       total 1138176K, used 137230K [0x0000000080000000, 0x00000000c5780000, 0x00000000d5580000)
  object space 1138176K, 12% used [0x0000000080000000,0x0000000088603a78,0x00000000c5780000)
 Metaspace       used 94057K, committed 95808K, reserved 1179648K
  class space    used 9522K, committed 10368K, reserved 1048576K
}
Event: 21869.004 GC heap before
{Heap before GC invocations=2713 (full 6):
 PSYoungGen      total 6144K, used 5882K [0x00000000d5580000, 0x00000000d5c80000, 0x0000000100000000)
  eden space 5120K, 99% used [0x00000000d5580000,0x00000000d5a7fff8,0x00000000d5a80000)
  from space 1024K, 74% used [0x00000000d5b80000,0x00000000d5c3e900,0x00000000d5c80000)
  to   space 1024K, 0% used [0x00000000d5a80000,0x00000000d5a80000,0x00000000d5b80000)
 ParOldGen       total 1138176K, used 137230K [0x0000000080000000, 0x00000000c5780000, 0x00000000d5580000)
  object space 1138176K, 12% used [0x0000000080000000,0x0000000088603a78,0x00000000c5780000)
 Metaspace       used 94057K, committed 95808K, reserved 1179648K
  class space    used 9522K, committed 10368K, reserved 1048576K
}
Event: 21869.008 GC heap after
{Heap after GC invocations=2713 (full 6):
 PSYoungGen      total 6144K, used 692K [0x00000000d5580000, 0x00000000d5c80000, 0x0000000100000000)
  eden space 5120K, 0% used [0x00000000d5580000,0x00000000d5580000,0x00000000d5a80000)
  from space 1024K, 67% used [0x00000000d5a80000,0x00000000d5b2d200,0x00000000d5b80000)
  to   space 1024K, 0% used [0x00000000d5b80000,0x00000000d5b80000,0x00000000d5c80000)
 ParOldGen       total 1138176K, used 137851K [0x0000000080000000, 0x00000000c5780000, 0x00000000d5580000)
  object space 1138176K, 12% used [0x0000000080000000,0x000000008869eca8,0x00000000c5780000)
 Metaspace       used 94057K, committed 95808K, reserved 1179648K
  class space    used 9522K, committed 10368K, reserved 1048576K
}
Event: 21869.011 GC heap before
{Heap before GC invocations=2714 (full 6):
 PSYoungGen      total 6144K, used 5812K [0x00000000d5580000, 0x00000000d5c80000, 0x0000000100000000)
  eden space 5120K, 100% used [0x00000000d5580000,0x00000000d5a80000,0x00000000d5a80000)
  from space 1024K, 67% used [0x00000000d5a80000,0x00000000d5b2d200,0x00000000d5b80000)
  to   space 1024K, 0% used [0x00000000d5b80000,0x00000000d5b80000,0x00000000d5c80000)
 ParOldGen       total 1138176K, used 137851K [0x0000000080000000, 0x00000000c5780000, 0x00000000d5580000)
  object space 1138176K, 12% used [0x0000000080000000,0x000000008869eca8,0x00000000c5780000)
 Metaspace       used 94057K, committed 95808K, reserved 1179648K
  class space    used 9522K, committed 10368K, reserved 1048576K
}
Event: 21869.013 GC heap after
{Heap after GC invocations=2714 (full 6):
 PSYoungGen      total 6144K, used 544K [0x00000000d5580000, 0x00000000d5c80000, 0x0000000100000000)
  eden space 5120K, 0% used [0x00000000d5580000,0x00000000d5580000,0x00000000d5a80000)
  from space 1024K, 53% used [0x00000000d5b80000,0x00000000d5c08000,0x00000000d5c80000)
  to   space 1024K, 0% used [0x00000000d5a80000,0x00000000d5a80000,0x00000000d5b80000)
 ParOldGen       total 1138176K, used 138327K [0x0000000080000000, 0x00000000c5780000, 0x00000000d5580000)
  object space 1138176K, 12% used [0x0000000080000000,0x0000000088715ec8,0x00000000c5780000)
 Metaspace       used 94057K, committed 95808K, reserved 1179648K
  class space    used 9522K, committed 10368K, reserved 1048576K
}
Event: 21869.017 GC heap before
{Heap before GC invocations=2715 (full 6):
 PSYoungGen      total 6144K, used 5664K [0x00000000d5580000, 0x00000000d5c80000, 0x0000000100000000)
  eden space 5120K, 100% used [0x00000000d5580000,0x00000000d5a80000,0x00000000d5a80000)
  from space 1024K, 53% used [0x00000000d5b80000,0x00000000d5c08000,0x00000000d5c80000)
  to   space 1024K, 0% used [0x00000000d5a80000,0x00000000d5a80000,0x00000000d5b80000)
 ParOldGen       total 1138176K, used 138327K [0x0000000080000000, 0x00000000c5780000, 0x00000000d5580000)
  object space 1138176K, 12% used [0x0000000080000000,0x0000000088715ec8,0x00000000c5780000)
 Metaspace       used 94057K, committed 95808K, reserved 1179648K
  class space    used 9522K, committed 10368K, reserved 1048576K
}
Event: 21869.018 GC heap after
{Heap after GC invocations=2715 (full 6):
 PSYoungGen      total 6144K, used 506K [0x00000000d5580000, 0x00000000d5c80000, 0x0000000100000000)
  eden space 5120K, 0% used [0x00000000d5580000,0x00000000d5580000,0x00000000d5a80000)
  from space 1024K, 49% used [0x00000000d5a80000,0x00000000d5afe900,0x00000000d5b80000)
  to   space 1024K, 0% used [0x00000000d5b80000,0x00000000d5b80000,0x00000000d5c80000)
 ParOldGen       total 1138176K, used 138399K [0x0000000080000000, 0x00000000c5780000, 0x00000000d5580000)
  object space 1138176K, 12% used [0x0000000080000000,0x0000000088727ec8,0x00000000c5780000)
 Metaspace       used 94057K, committed 95808K, reserved 1179648K
  class space    used 9522K, committed 10368K, reserved 1048576K
}
Event: 21869.022 GC heap before
{Heap before GC invocations=2716 (full 6):
 PSYoungGen      total 6144K, used 5626K [0x00000000d5580000, 0x00000000d5c80000, 0x0000000100000000)
  eden space 5120K, 100% used [0x00000000d5580000,0x00000000d5a80000,0x00000000d5a80000)
  from space 1024K, 49% used [0x00000000d5a80000,0x00000000d5afe900,0x00000000d5b80000)
  to   space 1024K, 0% used [0x00000000d5b80000,0x00000000d5b80000,0x00000000d5c80000)
 ParOldGen       total 1138176K, used 138399K [0x0000000080000000, 0x00000000c5780000, 0x00000000d5580000)
  object space 1138176K, 12% used [0x0000000080000000,0x0000000088727ec8,0x00000000c5780000)
 Metaspace       used 94057K, committed 95808K, reserved 1179648K
  class space    used 9522K, committed 10368K, reserved 1048576K
}
Event: 21869.024 GC heap after
{Heap after GC invocations=2716 (full 6):
 PSYoungGen      total 5632K, used 384K [0x00000000d5580000, 0x00000000d5c00000, 0x0000000100000000)
  eden space 5120K, 0% used [0x00000000d5580000,0x00000000d5580000,0x00000000d5a80000)
  from space 512K, 75% used [0x00000000d5b80000,0x00000000d5be0000,0x00000000d5c00000)
  to   space 512K, 0% used [0x00000000d5b00000,0x00000000d5b00000,0x00000000d5b80000)
 ParOldGen       total 1138176K, used 138804K [0x0000000080000000, 0x00000000c5780000, 0x00000000d5580000)
  object space 1138176K, 12% used [0x0000000080000000,0x000000008878d0d8,0x00000000c5780000)
 Metaspace       used 94057K, committed 95808K, reserved 1179648K
  class space    used 9522K, committed 10368K, reserved 1048576K
}

Dll operation events (12 events):
Event: 0.020 Loaded shared library c:\Users\Lenovo\.vscode\extensions\redhat.java-1.53.0-win32-x64\jre\21.0.10-win32-x86_64\bin\java.dll
Event: 0.141 Loaded shared library c:\Users\Lenovo\.vscode\extensions\redhat.java-1.53.0-win32-x64\jre\21.0.10-win32-x86_64\bin\zip.dll
Event: 0.181 Loaded shared library C:\Users\Lenovo\.vscode\extensions\redhat.java-1.53.0-win32-x64\jre\21.0.10-win32-x86_64\bin\instrument.dll
Event: 0.191 Loaded shared library C:\Users\Lenovo\.vscode\extensions\redhat.java-1.53.0-win32-x64\jre\21.0.10-win32-x86_64\bin\net.dll
Event: 0.288 Loaded shared library C:\Users\Lenovo\.vscode\extensions\redhat.java-1.53.0-win32-x64\jre\21.0.10-win32-x86_64\bin\nio.dll
Event: 0.303 Loaded shared library C:\Users\Lenovo\.vscode\extensions\redhat.java-1.53.0-win32-x64\jre\21.0.10-win32-x86_64\bin\zip.dll
Event: 0.360 Loaded shared library C:\Users\Lenovo\.vscode\extensions\redhat.java-1.53.0-win32-x64\jre\21.0.10-win32-x86_64\bin\jimage.dll
Event: 0.828 Loaded shared library c:\Users\Lenovo\.vscode\extensions\redhat.java-1.53.0-win32-x64\jre\21.0.10-win32-x86_64\bin\verify.dll
Event: 26.941 Loaded shared library C:\Users\Lenovo\AppData\Roaming\Code\User\globalStorage\redhat.java\1.53.0\config_win\org.eclipse.equinox.launcher\org.eclipse.equinox.launcher.win32.win32.x86_64_1.3.0.v20260203-2149\eclipse_11919.dll
Event: 46.998 Loaded shared library C:\Users\Lenovo\AppData\Local\Temp\jna--2022488749\jna10427807764160368875.dll
Event: 48.865 Loaded shared library C:\Users\Lenovo\.vscode\extensions\redhat.java-1.53.0-win32-x64\jre\21.0.10-win32-x86_64\bin\sunmscapi.dll
Event: 49.072 Loaded shared library C:\Users\Lenovo\.vscode\extensions\redhat.java-1.53.0-win32-x64\jre\21.0.10-win32-x86_64\bin\extnet.dll

Deoptimization events (20 events):
Event: 21866.326 Thread 0x000001e48f453670 DEOPT PACKING pc=0x000001e4397ce1f0 sp=0x000000dde8bfe570
Event: 21866.326 Thread 0x000001e48f453670 DEOPT UNPACKING pc=0x000001e4377b3aa2 sp=0x000000dde8bfe498 mode 2
Event: 21866.326 Thread 0x000001e48f453670 Uncommon trap: trap_request=0xffffffc6 fr.pc=0x000001e4397ce1f0 relative=0x0000000000000430
Event: 21866.326 Thread 0x000001e48f453670 Uncommon trap: reason=bimorphic_or_optimized_type_check action=maybe_recompile pc=0x000001e4397ce1f0 method=java.util.stream.MatchOps$MatchOp.evaluateSequential(Ljava/util/stream/PipelineHelper;Ljava/util/Spliterator;)Ljava/lang/Boolean; @ 14 c2
Event: 21866.326 Thread 0x000001e48f453670 DEOPT PACKING pc=0x000001e4397ce1f0 sp=0x000000dde8bfe570
Event: 21866.326 Thread 0x000001e48f453670 DEOPT UNPACKING pc=0x000001e4377b3aa2 sp=0x000000dde8bfe498 mode 2
Event: 21866.809 Thread 0x000001e48f8c8040 DEOPT PACKING pc=0x000001e432b87072 sp=0x000000ddeb4fe4b0
Event: 21866.809 Thread 0x000001e48f8c8040 DEOPT UNPACKING pc=0x000001e4377b4242 sp=0x000000ddeb4fda28 mode 0
Event: 21866.834 Thread 0x000001e48f8c8040 DEOPT PACKING pc=0x000001e432b87072 sp=0x000000ddeb4fe4b0
Event: 21866.834 Thread 0x000001e48f8c8040 DEOPT UNPACKING pc=0x000001e4377b4242 sp=0x000000ddeb4fda28 mode 0
Event: 21868.582 Thread 0x000001e48f8c3810 Uncommon trap: trap_request=0xffffffcc fr.pc=0x000001e437f82b98 relative=0x0000000000001358
Event: 21868.582 Thread 0x000001e48f8c3810 Uncommon trap: reason=intrinsic_or_type_checked_inlining action=make_not_entrant pc=0x000001e437f82b98 method=org.eclipse.core.internal.resources.WorkspaceRoot.getProjects(I)[Lorg/eclipse/core/resources/IProject; @ 8 c2
Event: 21868.582 Thread 0x000001e48f8c3810 DEOPT PACKING pc=0x000001e437f82b98 sp=0x000000dde8cfe820
Event: 21868.582 Thread 0x000001e48f8c3810 DEOPT UNPACKING pc=0x000001e4377b3aa2 sp=0x000000dde8cfe808 mode 2
Event: 21868.586 Thread 0x000001e48f8c3810 DEOPT PACKING pc=0x000001e432b87072 sp=0x000000dde8cfdf30
Event: 21868.586 Thread 0x000001e48f8c3810 DEOPT UNPACKING pc=0x000001e4377b4242 sp=0x000000dde8cfd4a8 mode 0
Event: 21868.599 Thread 0x000001e48f8c3810 DEOPT PACKING pc=0x000001e432b87072 sp=0x000000dde8cfd7e0
Event: 21868.599 Thread 0x000001e48f8c3810 DEOPT UNPACKING pc=0x000001e4377b4242 sp=0x000000dde8cfcd58 mode 0
Event: 21869.016 Thread 0x000001e49f25b0d0 DEOPT PACKING pc=0x000001e432b87072 sp=0x000000ddec8fe2f0
Event: 21869.016 Thread 0x000001e49f25b0d0 DEOPT UNPACKING pc=0x000001e4377b4242 sp=0x000000ddec8fd868 mode 0

Classes loaded (20 events):
Event: 17815.818 Loading class sun/net/www/http/KeepAliveCleanerEntry
Event: 17815.820 Loading class sun/net/www/http/KeepAliveCleanerEntry done
Event: 17815.820 Loading class sun/net/www/http/KeepAliveStream$1
Event: 17815.820 Loading class sun/net/www/http/KeepAliveStream$1 done
Event: 17815.821 Loading class sun/net/www/http/ChunkedInputStream
Event: 17815.821 Loading class sun/net/www/http/ChunkedInputStream done
Event: 17820.840 Loading class sun/net/ConnectionResetException
Event: 17820.842 Loading class sun/net/ConnectionResetException done
Event: 21863.524 Loading class java/util/stream/ReduceOps$5
Event: 21863.524 Loading class java/util/stream/ReduceOps$5 done
Event: 21863.524 Loading class java/util/stream/ReduceOps$CountingSink$OfRef
Event: 21863.524 Loading class java/util/stream/ReduceOps$CountingSink
Event: 21863.524 Loading class java/util/stream/ReduceOps$CountingSink done
Event: 21863.525 Loading class java/util/stream/ReduceOps$CountingSink$OfRef done
Event: 21863.528 Loading class sun/nio/fs/WindowsFileCopy
Event: 21863.529 Loading class sun/nio/fs/WindowsFileCopy done
Event: 21865.830 Loading class jdk/internal/module/IllegalAccessLogger
Event: 21865.830 Loading class jdk/internal/module/IllegalAccessLogger done
Event: 21866.093 Loading class sun/nio/ch/ChannelOutputStream
Event: 21866.093 Loading class sun/nio/ch/ChannelOutputStream done

Classes unloaded (20 events):
Event: 21865.973 Thread 0x000001e443ac40c0 Unloading class 0x000001e445740000 'java/lang/invoke/LambdaForm$MH+0x000001e445740000'
Event: 21865.973 Thread 0x000001e443ac40c0 Unloading class 0x000001e445758800 'java/lang/invoke/LambdaForm$MH+0x000001e445758800'
Event: 21865.973 Thread 0x000001e443ac40c0 Unloading class 0x000001e445759400 'java/lang/invoke/LambdaForm$MH+0x000001e445759400'
Event: 21865.973 Thread 0x000001e443ac40c0 Unloading class 0x000001e4457a0400 'java/lang/invoke/LambdaForm$MH+0x000001e4457a0400'
Event: 21865.973 Thread 0x000001e443ac40c0 Unloading class 0x000001e445869400 'java/lang/invoke/LambdaForm$MH+0x000001e445869400'
Event: 21865.973 Thread 0x000001e443ac40c0 Unloading class 0x000001e4457cb800 'java/lang/invoke/LambdaForm$MH+0x000001e4457cb800'
Event: 21865.973 Thread 0x000001e443ac40c0 Unloading class 0x000001e4457ca400 'java/lang/invoke/LambdaForm$MH+0x000001e4457ca400'
Event: 21865.973 Thread 0x000001e443ac40c0 Unloading class 0x000001e4459b9400 'java/lang/invoke/LambdaForm$MH+0x000001e4459b9400'
Event: 21865.973 Thread 0x000001e443ac40c0 Unloading class 0x000001e4459b9000 'java/lang/invoke/LambdaForm$MH+0x000001e4459b9000'
Event: 21865.973 Thread 0x000001e443ac40c0 Unloading class 0x000001e4459b8800 'java/lang/invoke/LambdaForm$MH+0x000001e4459b8800'
Event: 21865.973 Thread 0x000001e443ac40c0 Unloading class 0x000001e4459b8400 'java/lang/invoke/LambdaForm$MH+0x000001e4459b8400'
Event: 21865.973 Thread 0x000001e443ac40c0 Unloading class 0x000001e4459b8000 'java/lang/invoke/LambdaForm$MH+0x000001e4459b8000'
Event: 21865.973 Thread 0x000001e443ac40c0 Unloading class 0x000001e4459b7c00 'java/lang/invoke/LambdaForm$MH+0x000001e4459b7c00'
Event: 21865.973 Thread 0x000001e443ac40c0 Unloading class 0x000001e4459b7800 'java/lang/invoke/LambdaForm$BMH+0x000001e4459b7800'
Event: 21865.973 Thread 0x000001e443ac40c0 Unloading class 0x000001e445175800 'java/lang/invoke/LambdaForm$MH+0x000001e445175800'
Event: 21865.973 Thread 0x000001e443ac40c0 Unloading class 0x000001e44501f800 'java/lang/invoke/LambdaForm$MH+0x000001e44501f800'
Event: 21865.973 Thread 0x000001e443ac40c0 Unloading class 0x000001e44501e800 'java/lang/invoke/LambdaForm$MH+0x000001e44501e800'
Event: 21865.973 Thread 0x000001e443ac40c0 Unloading class 0x000001e44501e400 'java/lang/invoke/LambdaForm$MH+0x000001e44501e400'
Event: 21865.973 Thread 0x000001e443ac40c0 Unloading class 0x000001e44501dc00 'java/lang/invoke/LambdaForm$MH+0x000001e44501dc00'
Event: 21865.973 Thread 0x000001e443ac40c0 Unloading class 0x000001e44501d400 'java/lang/invoke/LambdaForm$MH+0x000001e44501d400'

Classes redefined (0 events):
No events

Internal exceptions (20 events):
Event: 17734.515 Thread 0x000001e48f450880 Implicit null exception at 0x000001e43897d11c to 0x000001e43897d48c
Event: 17815.821 Thread 0x000001e48f453d00 Exception <a 'sun/nio/fs/WindowsException'{0x00000000d56661b8}> (0x00000000d56661b8) 
thrown [s\src\hotspot\share\prims\jni.cpp, line 520]
Event: 17815.821 Thread 0x000001e48f453d00 Exception <a 'sun/nio/fs/WindowsException'{0x00000000d56669a0}> (0x00000000d56669a0) 
thrown [s\src\hotspot\share\prims\jni.cpp, line 520]
Event: 17815.988 Thread 0x000001e48bc27160 Exception <a 'sun/nio/fs/WindowsException'{0x00000000d55fe5e8}> (0x00000000d55fe5e8) 
thrown [s\src\hotspot\share\prims\jni.cpp, line 520]
Event: 17815.988 Thread 0x000001e48bc27160 Exception <a 'sun/nio/fs/WindowsException'{0x00000000d55fedd0}> (0x00000000d55fedd0) 
thrown [s\src\hotspot\share\prims\jni.cpp, line 520]
Event: 17817.319 Thread 0x000001e48b84dc10 Exception <a 'sun/nio/fs/WindowsException'{0x00000000d56011d0}> (0x00000000d56011d0) 
thrown [s\src\hotspot\share\prims\jni.cpp, line 520]
Event: 17817.319 Thread 0x000001e48b84dc10 Exception <a 'sun/nio/fs/WindowsException'{0x00000000d56019b8}> (0x00000000d56019b8) 
thrown [s\src\hotspot\share\prims\jni.cpp, line 520]
Event: 17820.842 Thread 0x000001e48f8c5f70 Exception <a 'sun/net/ConnectionResetException'{0x00000000d5b73940}: Connection reset> (0x00000000d5b73940) 
thrown [s\src\hotspot\share\prims\jni.cpp, line 539]
Event: 17878.676 Thread 0x000001e48b84dc10 Exception <a 'sun/nio/fs/WindowsException'{0x00000000d5781b48}> (0x00000000d5781b48) 
thrown [s\src\hotspot\share\prims\jni.cpp, line 520]
Event: 17878.676 Thread 0x000001e48b84dc10 Exception <a 'sun/nio/fs/WindowsException'{0x00000000d5782330}> (0x00000000d5782330) 
thrown [s\src\hotspot\share\prims\jni.cpp, line 520]
Event: 21863.432 Thread 0x000001e48c309530 Exception <a 'java/lang/IncompatibleClassChangeError'{0x00000000d596c3a0}: Found class java.lang.Object, but interface was expected> (0x00000000d596c3a0) 
thrown [s\src\hotspot\share\interpreter\linkResolver.cpp, line 840]
Event: 21863.433 Thread 0x000001e48c309530 Exception <a 'java/lang/IncompatibleClassChangeError'{0x00000000d5970510}: Found class java.lang.Object, but interface was expected> (0x00000000d5970510) 
thrown [s\src\hotspot\share\interpreter\linkResolver.cpp, line 840]
Event: 21863.506 Thread 0x000001e48c309530 Implicit null exception at 0x000001e4383d258c to 0x000001e4383d3b14
Event: 21863.529 Thread 0x000001e48bc28510 Exception <a 'sun/nio/fs/WindowsException'{0x00000000d58e2c68}> (0x00000000d58e2c68) 
thrown [s\src\hotspot\share\prims\jni.cpp, line 520]
Event: 21865.765 Thread 0x000001e48bc28510 Exception <a 'sun/nio/fs/WindowsException'{0x00000000d5858f78}> (0x00000000d5858f78) 
thrown [s\src\hotspot\share\prims\jni.cpp, line 520]
Event: 21865.768 Thread 0x000001e48bc28510 Implicit null exception at 0x000001e4389d0fe4 to 0x000001e4389d1378
Event: 21865.776 Thread 0x000001e48bc28510 Implicit null exception at 0x000001e439097164 to 0x000001e439097d00
Event: 21865.907 Thread 0x000001e48f8c86d0 Exception <a 'java/lang/NoSuchMethodError'{0x00000000d56205c8}: 'void java.lang.invoke.DirectMethodHandle$Holder.invokeVirtual(java.lang.Object, java.lang.Object, java.lang.Object, java.lang.Object, java.lang.Object)'> (0x00000000d56205c8) 
thrown [s\src\hotspot\share\interpreter\linkResolver.cpp, line 773]
Event: 21866.087 Thread 0x000001e49f25b0d0 Implicit null exception at 0x000001e4390b1588 to 0x000001e4390b1e84
Event: 21866.195 Thread 0x000001e48f453670 Exception <a 'java/lang/NoSuchMethodError'{0x00000000d578e170}: 'void java.lang.invoke.DelegatingMethodHandle$Holder.reinvoke_L(java.lang.Object, java.lang.Object, int)'> (0x00000000d578e170) 
thrown [s\src\hotspot\share\interpreter\linkResolver.cpp, line 773]

ZGC Phase Switch (0 events):
No events

VM Operations (20 events):
Event: 21866.860 Executing safepoint VM operation: ParallelGCFailedAllocation (Allocation Failure)
Event: 21866.861 Executing safepoint VM operation: ParallelGCFailedAllocation (Allocation Failure) done
Event: 21866.865 Executing safepoint VM operation: ParallelGCFailedAllocation (Allocation Failure)
Event: 21866.867 Executing safepoint VM operation: ParallelGCFailedAllocation (Allocation Failure) done
Event: 21867.869 Executing safepoint VM operation: Cleanup
Event: 21867.869 Executing safepoint VM operation: Cleanup done
Event: 21868.588 Executing safepoint VM operation: ParallelGCFailedAllocation (Allocation Failure)
Event: 21868.590 Executing safepoint VM operation: ParallelGCFailedAllocation (Allocation Failure) done
Event: 21868.595 Executing safepoint VM operation: ParallelGCFailedAllocation (Allocation Failure)
Event: 21868.596 Executing safepoint VM operation: ParallelGCFailedAllocation (Allocation Failure) done
Event: 21868.603 Executing safepoint VM operation: ParallelGCFailedAllocation (Allocation Failure)
Event: 21868.604 Executing safepoint VM operation: ParallelGCFailedAllocation (Allocation Failure) done
Event: 21869.004 Executing safepoint VM operation: ParallelGCFailedAllocation (Allocation Failure)
Event: 21869.008 Executing safepoint VM operation: ParallelGCFailedAllocation (Allocation Failure) done
Event: 21869.011 Executing safepoint VM operation: ParallelGCFailedAllocation (Allocation Failure)
Event: 21869.013 Executing safepoint VM operation: ParallelGCFailedAllocation (Allocation Failure) done
Event: 21869.017 Executing safepoint VM operation: ParallelGCFailedAllocation (Allocation Failure)
Event: 21869.018 Executing safepoint VM operation: ParallelGCFailedAllocation (Allocation Failure) done
Event: 21869.022 Executing safepoint VM operation: ParallelGCFailedAllocation (Allocation Failure)
Event: 21869.024 Executing safepoint VM operation: ParallelGCFailedAllocation (Allocation Failure) done

Memory protections (0 events):
No events

Nmethod flushes (20 events):
Event: 21866.034 Thread 0x000001e443ac40c0 flushing  nmethod 0x000001e432f56390
Event: 21866.034 Thread 0x000001e443ac40c0 flushing  nmethod 0x000001e432f82f90
Event: 21866.034 Thread 0x000001e443ac40c0 flushing  nmethod 0x000001e432f8ca10
Event: 21866.034 Thread 0x000001e443ac40c0 flushing  nmethod 0x000001e432faeb90
Event: 21866.034 Thread 0x000001e443ac40c0 flushing  nmethod 0x000001e432fb3c10
Event: 21866.034 Thread 0x000001e443ac40c0 flushing  nmethod 0x000001e432fb5e90
Event: 21866.034 Thread 0x000001e443ac40c0 flushing  nmethod 0x000001e433029a90
Event: 21866.034 Thread 0x000001e443ac40c0 flushing  nmethod 0x000001e433103190
Event: 21866.034 Thread 0x000001e443ac40c0 flushing osr nmethod 0x000001e433199110
Event: 21866.034 Thread 0x000001e443ac40c0 flushing  nmethod 0x000001e4331b3510
Event: 21866.034 Thread 0x000001e443ac40c0 flushing  nmethod 0x000001e4331d2910
Event: 21866.034 Thread 0x000001e443ac40c0 flushing  nmethod 0x000001e4331f7590
Event: 21866.034 Thread 0x000001e443ac40c0 flushing  nmethod 0x000001e4331fd290
Event: 21866.034 Thread 0x000001e443ac40c0 flushing  nmethod 0x000001e43321f790
Event: 21866.034 Thread 0x000001e443ac40c0 flushing  nmethod 0x000001e43322b390
Event: 21866.034 Thread 0x000001e443ac40c0 flushing  nmethod 0x000001e433234a90
Event: 21866.034 Thread 0x000001e443ac40c0 flushing  nmethod 0x000001e433235910
Event: 21866.034 Thread 0x000001e443ac40c0 flushing  nmethod 0x000001e433248b90
Event: 21866.034 Thread 0x000001e443ac40c0 flushing  nmethod 0x000001e43329e110
Event: 21866.034 Thread 0x000001e443ac40c0 flushing osr nmethod 0x000001e4332d2710

Events (20 events):
Event: 18588.327 Thread 0x000001e48b84fce0 Thread exited: 0x000001e48b84fce0
Event: 18648.343 Thread 0x000001e48f8c3810 Thread exited: 0x000001e48f8c3810
Event: 18708.343 Thread 0x000001e48bc29230 Thread exited: 0x000001e48bc29230
Event: 18768.344 Thread 0x000001e48f450880 Thread exited: 0x000001e48f450880
Event: 21863.442 Thread 0x000001e48c309530 Thread added: 0x000001e48f8c3810
Event: 21863.442 Thread 0x000001e48f8c3810 Thread added: 0x000001e48f8c1dd0
Event: 21863.442 Thread 0x000001e48f8c1dd0 Thread added: 0x000001e48f8c3180
Event: 21864.611 Thread 0x000001e48f453670 Thread added: 0x000001e48f8c4530
Event: 21864.611 Thread 0x000001e48f453670 Thread added: 0x000001e48f8c58e0
Event: 21864.611 Thread 0x000001e48f453670 Thread added: 0x000001e48f8c2460
Event: 21864.659 Thread 0x000001e486aa0060 Thread added: 0x000001e498aa2990
Event: 21865.766 Thread 0x000001e49f25b0d0 Thread added: 0x000001e48f8c8040
Event: 21865.835 Thread 0x000001e48f453670 Thread added: 0x000001e48f8c86d0
Event: 21866.086 Thread 0x000001e48f8c3ea0 Thread exited: 0x000001e48f8c3ea0
Event: 21866.086 Thread 0x000001e49f25c480 Thread exited: 0x000001e49f25c480
Event: 21866.086 Thread 0x000001e48f8c4bc0 Thread exited: 0x000001e48f8c4bc0
Event: 21866.105 Thread 0x000001e48f453670 Thread added: 0x000001e48f8c7320
Event: 21866.798 Thread 0x000001e498aa2990 Thread exited: 0x000001e498aa2990
Event: 21866.855 Thread 0x000001e486aafbe0 Thread added: 0x000001e498aa2990
Event: 21868.598 Thread 0x000001e498aa2990 Thread exited: 0x000001e498aa2990


Dynamic libraries:
0x00007ff6ee970000 - 0x00007ff6ee97e000 	c:\Users\Lenovo\.vscode\extensions\redhat.java-1.53.0-win32-x64\jre\21.0.10-win32-x86_64\bin\java.exe
0x00007ffbc6320000 - 0x00007ffbc6587000 	C:\Windows\SYSTEM32\ntdll.dll
0x00007ffbc4500000 - 0x00007ffbc45c9000 	C:\Windows\System32\KERNEL32.DLL
0x00007ffbc3300000 - 0x00007ffbc36f1000 	C:\Windows\System32\KERNELBASE.dll
0x00007ffbc3f70000 - 0x00007ffbc40bb000 	C:\Windows\System32\ucrtbase.dll
0x00007ffb98dc0000 - 0x00007ffb98dd8000 	c:\Users\Lenovo\.vscode\extensions\redhat.java-1.53.0-win32-x64\jre\21.0.10-win32-x86_64\bin\jli.dll
0x00007ffbc6110000 - 0x00007ffbc62d5000 	C:\Windows\System32\USER32.dll
0x00007ffbc2c00000 - 0x00007ffbc2c27000 	C:\Windows\System32\win32u.dll
0x00007ffbc4130000 - 0x00007ffbc415b000 	C:\Windows\System32\GDI32.dll
0x00007ffbc31d0000 - 0x00007ffbc32fb000 	C:\Windows\System32\gdi32full.dll
0x00007ffbc2c30000 - 0x00007ffbc2cd3000 	C:\Windows\System32\msvcp_win.dll
0x00007ffba7210000 - 0x00007ffba74a3000 	C:\Windows\WinSxS\amd64_microsoft.windows.common-controls_6595b64144ccf1df_6.0.26100.8037_none_3e092faae333b53b\COMCTL32.dll
0x00007ffbc4e80000 - 0x00007ffbc4f29000 	C:\Windows\System32\msvcrt.dll
0x00007ffb98600000 - 0x00007ffb9861e000 	c:\Users\Lenovo\.vscode\extensions\redhat.java-1.53.0-win32-x64\jre\21.0.10-win32-x86_64\bin\VCRUNTIME140.dll
0x00007ffbc57a0000 - 0x00007ffbc57d1000 	C:\Windows\System32\IMM32.DLL
0x00007ffbafbf0000 - 0x00007ffbafbfc000 	c:\Users\Lenovo\.vscode\extensions\redhat.java-1.53.0-win32-x64\jre\21.0.10-win32-x86_64\bin\vcruntime140_1.dll
0x00007ffb8fd00000 - 0x00007ffb8fd8d000 	c:\Users\Lenovo\.vscode\extensions\redhat.java-1.53.0-win32-x64\jre\21.0.10-win32-x86_64\bin\msvcp140.dll
0x00007ffafabf0000 - 0x00007ffafb991000 	c:\Users\Lenovo\.vscode\extensions\redhat.java-1.53.0-win32-x64\jre\21.0.10-win32-x86_64\bin\server\jvm.dll
0x00007ffbc4440000 - 0x00007ffbc44fb000 	C:\Windows\System32\ADVAPI32.dll
0x00007ffbc6060000 - 0x00007ffbc6107000 	C:\Windows\System32\sechost.dll
0x00007ffbc4b80000 - 0x00007ffbc4c98000 	C:\Windows\System32\RPCRT4.dll
0x00007ffbc4770000 - 0x00007ffbc47e4000 	C:\Windows\System32\WS2_32.dll
0x00007ffbc2a60000 - 0x00007ffbc2abe000 	C:\Windows\SYSTEM32\POWRPROF.dll
0x00007ffbbb5f0000 - 0x00007ffbbb625000 	C:\Windows\SYSTEM32\WINMM.dll
0x00007ffbb44b0000 - 0x00007ffbb44bb000 	C:\Windows\SYSTEM32\VERSION.dll
0x00007ffbc2a40000 - 0x00007ffbc2a54000 	C:\Windows\SYSTEM32\UMPDC.dll
0x00007ffbc1990000 - 0x00007ffbc19ab000 	C:\Windows\SYSTEM32\kernel.appcore.dll
0x00007ffb9e770000 - 0x00007ffb9e77a000 	c:\Users\Lenovo\.vscode\extensions\redhat.java-1.53.0-win32-x64\jre\21.0.10-win32-x86_64\bin\jimage.dll
0x00007ffbaf940000 - 0x00007ffbafb82000 	C:\Windows\SYSTEM32\DBGHELP.DLL
0x00007ffbc47f0000 - 0x00007ffbc4b72000 	C:\Windows\System32\combase.dll
0x00007ffbc4f30000 - 0x00007ffbc5007000 	C:\Windows\System32\OLEAUT32.dll
0x00007ffb98cf0000 - 0x00007ffb98d2b000 	C:\Windows\SYSTEM32\dbgcore.DLL
0x00007ffbc2f20000 - 0x00007ffbc2fc5000 	C:\Windows\System32\bcryptPrimitives.dll
0x00007ffb98bc0000 - 0x00007ffb98bcf000 	c:\Users\Lenovo\.vscode\extensions\redhat.java-1.53.0-win32-x64\jre\21.0.10-win32-x86_64\bin\instrument.dll
0x00007ffb98450000 - 0x00007ffb98470000 	c:\Users\Lenovo\.vscode\extensions\redhat.java-1.53.0-win32-x64\jre\21.0.10-win32-x86_64\bin\java.dll
0x00007ffbc58e0000 - 0x00007ffbc603f000 	C:\Windows\System32\SHELL32.dll
0x00007ffbc3060000 - 0x00007ffbc31ca000 	C:\Windows\System32\wintypes.dll
0x00007ffbc3700000 - 0x00007ffbc3f64000 	C:\Windows\System32\windows.storage.dll
0x00007ffbc56a0000 - 0x00007ffbc5797000 	C:\Windows\System32\SHCORE.dll
0x00007ffbc40c0000 - 0x00007ffbc4127000 	C:\Windows\System32\shlwapi.dll
0x00007ffbc2b20000 - 0x00007ffbc2b49000 	C:\Windows\SYSTEM32\profapi.dll
0x00007ffb985e0000 - 0x00007ffb985f8000 	c:\Users\Lenovo\.vscode\extensions\redhat.java-1.53.0-win32-x64\jre\21.0.10-win32-x86_64\bin\zip.dll
0x00007ffb985d0000 - 0x00007ffb985e0000 	C:\Users\Lenovo\.vscode\extensions\redhat.java-1.53.0-win32-x64\jre\21.0.10-win32-x86_64\bin\net.dll
0x00007ffbbd080000 - 0x00007ffbbd1a7000 	C:\Windows\SYSTEM32\WINHTTP.dll
0x00007ffbc1f00000 - 0x00007ffbc1f6b000 	C:\Windows\system32\mswsock.dll
0x00007ffb97f30000 - 0x00007ffb97f46000 	C:\Users\Lenovo\.vscode\extensions\redhat.java-1.53.0-win32-x64\jre\21.0.10-win32-x86_64\bin\nio.dll
0x00007ffb982b0000 - 0x00007ffb982c0000 	c:\Users\Lenovo\.vscode\extensions\redhat.java-1.53.0-win32-x64\jre\21.0.10-win32-x86_64\bin\verify.dll
0x00007ffb8fbe0000 - 0x00007ffb8fc25000 	C:\Users\Lenovo\AppData\Roaming\Code\User\globalStorage\redhat.java\1.53.0\config_win\org.eclipse.equinox.launcher\org.eclipse.equinox.launcher.win32.win32.x86_64_1.3.0.v20260203-2149\eclipse_11919.dll
0x00007ffbc45d0000 - 0x00007ffbc4765000 	C:\Windows\System32\ole32.dll
0x00007ffbc21e0000 - 0x00007ffbc21fb000 	C:\Windows\SYSTEM32\CRYPTSP.dll
0x00007ffbc18f0000 - 0x00007ffbc1929000 	C:\Windows\system32\rsaenh.dll
0x00007ffbc1fb0000 - 0x00007ffbc1fe2000 	C:\Windows\SYSTEM32\USERENV.dll
0x00007ffbc2af0000 - 0x00007ffbc2b1a000 	C:\Windows\SYSTEM32\bcrypt.dll
0x00007ffbc2200000 - 0x00007ffbc220c000 	C:\Windows\SYSTEM32\CRYPTBASE.dll
0x00007ffbc1410000 - 0x00007ffbc1443000 	C:\Windows\SYSTEM32\IPHLPAPI.DLL
0x00007ffbc4260000 - 0x00007ffbc426a000 	C:\Windows\System32\NSI.dll
0x00007ffb97310000 - 0x00007ffb97359000 	C:\Users\Lenovo\AppData\Local\Temp\jna--2022488749\jna10427807764160368875.dll
0x00007ffbc41f0000 - 0x00007ffbc41f8000 	C:\Windows\System32\PSAPI.DLL
0x00007ffbbdd10000 - 0x00007ffbbdd2d000 	C:\Windows\SYSTEM32\dhcpcsvc6.DLL
0x00007ffbbdc60000 - 0x00007ffbbdc83000 	C:\Windows\SYSTEM32\dhcpcsvc.DLL
0x00007ffbb4010000 - 0x00007ffbb401e000 	C:\Users\Lenovo\.vscode\extensions\redhat.java-1.53.0-win32-x64\jre\21.0.10-win32-x86_64\bin\sunmscapi.dll
0x00007ffbc2ce0000 - 0x00007ffbc2e57000 	C:\Windows\System32\CRYPT32.dll
0x00007ffbc2400000 - 0x00007ffbc2430000 	C:\Windows\SYSTEM32\ncrypt.dll
0x00007ffbc23b0000 - 0x00007ffbc23ef000 	C:\Windows\SYSTEM32\NTASN1.dll
0x00007ffbc1450000 - 0x00007ffbc157a000 	C:\Windows\SYSTEM32\DNSAPI.dll
0x00007ffbbb3d0000 - 0x00007ffbbb3db000 	C:\Windows\System32\rasadhlp.dll
0x00007ffbbdf10000 - 0x00007ffbbdf96000 	C:\Windows\System32\fwpuclnt.dll
0x00007ffbb1910000 - 0x00007ffbb1919000 	C:\Users\Lenovo\.vscode\extensions\redhat.java-1.53.0-win32-x64\jre\21.0.10-win32-x86_64\bin\extnet.dll
0x00007ffb854a0000 - 0x00007ffb854a8000 	C:\Windows\system32\wshunix.dll

JVMTI agents:
c:\Users\Lenovo\.vscode\extensions\redhat.java-1.53.0-win32-x64\lombok\lombok-1.18.39-4050.jar path:c:\Users\Lenovo\.vscode\extensions\redhat.java-1.53.0-win32-x64\jre\21.0.10-win32-x86_64\bin\instrument.dll, loaded, initialized, instrumentlib options:none

dbghelp: loaded successfully - version: 4.0.5 - missing functions: none
symbol engine: initialized successfully - sym options: 0x614 - pdb path: .;c:\Users\Lenovo\.vscode\extensions\redhat.java-1.53.0-win32-x64\jre\21.0.10-win32-x86_64\bin;C:\Windows\SYSTEM32;C:\Windows\WinSxS\amd64_microsoft.windows.common-controls_6595b64144ccf1df_6.0.26100.8037_none_3e092faae333b53b;c:\Users\Lenovo\.vscode\extensions\redhat.java-1.53.0-win32-x64\jre\21.0.10-win32-x86_64\bin\server;C:\Users\Lenovo\AppData\Roaming\Code\User\globalStorage\redhat.java\1.53.0\config_win\org.eclipse.equinox.launcher\org.eclipse.equinox.launcher.win32.win32.x86_64_1.3.0.v20260203-2149;C:\Users\Lenovo\AppData\Local\Temp\jna--2022488749

VM Arguments:
jvm_args: --add-modules=ALL-SYSTEM --add-opens=java.base/java.util=ALL-UNNAMED --add-opens=java.base/java.lang=ALL-UNNAMED --add-opens=java.base/sun.nio.fs=ALL-UNNAMED -Declipse.application=org.eclipse.jdt.ls.core.id1 -Dosgi.bundles.defaultStartLevel=4 -Declipse.product=org.eclipse.jdt.ls.core.product -Djava.import.generatesMetadataFilesAtProjectRoot=false -DDetectVMInstallationsJob.disabled=true -Dfile.encoding=utf8 -XX:+UseParallelGC -XX:GCTimeRatio=4 -XX:AdaptiveSizePolicyWeight=90 -Dsun.zip.disableMemoryMapping=true -Xmx2G -Xms100m -Xlog:disable -javaagent:c:\Users\Lenovo\.vscode\extensions\redhat.java-1.53.0-win32-x64\lombok\lombok-1.18.39-4050.jar -XX:+HeapDumpOnOutOfMemoryError -XX:HeapDumpPath=c:\Users\Lenovo\AppData\Roaming\Code\User\workspaceStorage\d67173f3997b30766bbb0bb098e98c84\redhat.java -Daether.dependencyCollector.impl=bf 
java_command: c:\Users\Lenovo\.vscode\extensions\redhat.java-1.53.0-win32-x64\server\plugins\org.eclipse.equinox.launcher_1.7.100.v20251111-0406.jar -configuration c:\Users\Lenovo\AppData\Roaming\Code\User\globalStorage\redhat.java\1.53.0\config_win -data c:\Users\Lenovo\AppData\Roaming\Code\User\workspaceStorage\d67173f3997b30766bbb0bb098e98c84\redhat.java\jdt_ws --pipe=\\.\pipe\lsp-166c9a1ddb651a173a05170d1887d61a-sock
java_class_path (initial): c:\Users\Lenovo\.vscode\extensions\redhat.java-1.53.0-win32-x64\server\plugins\org.eclipse.equinox.launcher_1.7.100.v20251111-0406.jar
Launcher Type: SUN_STANDARD

[Global flags]
    uintx AdaptiveSizePolicyWeight                 = 90                                        {product} {command line}
     intx CICompilerCount                          = 4                                         {product} {ergonomic}
    uintx GCTimeRatio                              = 4                                         {product} {command line}
     bool HeapDumpOnOutOfMemoryError               = true                                   {manageable} {command line}
    ccstr HeapDumpPath                             = c:\Users\Lenovo\AppData\Roaming\Code\User\workspaceStorage\d67173f3997b30766bbb0bb098e98c84\redhat.java         {manageable} {command line}
   size_t InitialHeapSize                          = 104857600                                 {product} {command line}
   size_t MaxHeapSize                              = 2147483648                                {product} {command line}
   size_t MaxNewSize                               = 715653120                                 {product} {ergonomic}
   size_t MinHeapDeltaBytes                        = 524288                                    {product} {ergonomic}
   size_t MinHeapSize                              = 104857600                                 {product} {command line}
   size_t NewSize                                  = 34603008                                  {product} {ergonomic}
    uintx NonNMethodCodeHeapSize                   = 5839372                                {pd product} {ergonomic}
    uintx NonProfiledCodeHeapSize                  = 122909434                              {pd product} {ergonomic}
   size_t OldSize                                  = 70254592                                  {product} {ergonomic}
    uintx ProfiledCodeHeapSize                     = 122909434                              {pd product} {ergonomic}
    uintx ReservedCodeCacheSize                    = 251658240                              {pd product} {ergonomic}
     bool SegmentedCodeCache                       = true                                      {product} {ergonomic}
   size_t SoftMaxHeapSize                          = 2147483648                             {manageable} {ergonomic}
     bool UseCompressedOops                        = true                           {product lp64_product} {ergonomic}
     bool UseLargePagesIndividualAllocation        = false                                  {pd product} {ergonomic}
     bool UseParallelGC                            = true                                      {product} {command line}

Logging:
Log output configuration:
 #0: stdout all=off uptime,level,tags foldmultilines=false
 #1: stderr all=off uptime,level,tags foldmultilines=false

Release file:
JAVA_VERSION="21.0.10" 
MODULES="java.base java.compiler java.datatransfer java.xml java.prefs java.desktop java.instrument java.logging java.management java.security.sasl java.naming java.rmi java.management.rmi java.net.http java.scripting java.security.jgss java.transaction.xa java.sql java.sql.rowset java.xml.crypto java.se java.smartcardio jdk.accessibility jdk.internal.jvmstat jdk.attach jdk.charsets jdk.internal.opt jdk.zipfs jdk.compiler jdk.crypto.ec jdk.crypto.cryptoki jdk.crypto.mscapi jdk.dynalink jdk.internal.ed jdk.editpad jdk.hotspot.agent jdk.httpserver jdk.internal.le jdk.internal.vm.ci jdk.internal.vm.compiler jdk.internal.vm.compiler.management jdk.jartool jdk.javadoc jdk.jcmd jdk.management jdk.management.agent jdk.jconsole jdk.jdeps jdk.jdwp.agent jdk.jdi jdk.jfr jdk.jshell jdk.jsobject jdk.jstatd jdk.localedata jdk.management.jfr jdk.naming.dns jdk.naming.rmi jdk.net jdk.nio.mapmode jdk.random jdk.sctp jdk.security.auth jdk.security.jgss jdk.unsupported jdk.unsupported.desktop jdk.xml.dom" 

Environment Variables:
JAVA_HOME=C:\Users\Lenovo\AppData\Local\Programs\Eclipse Adoptium\jdk-21.0.10.7-hotspot
PATH=C:\Users\Lenovo\AppData\Local\Programs\Microsoft VS Code;C:\Windows\system32;C:\Windows;C:\Windows\System32\Wbem;C:\Windows\System32\WindowsPowerShell\v1.0\;C:\Windows\System32\OpenSSH\;C:\Program Files\apache\maven\apache-maven-3.9.12\bin;C:\Program Files\apache\maven\apache-maven-3.9.12;C:\Program Files\Git\cmd;C:\Program Files\nodejs\;C:\Users\Lenovo\.local\bin\;C:\Users\Lenovo\anaconda3;C:\Users\Lenovo\anaconda3\Library\mingw-w64\bin;C:\Users\Lenovo\anaconda3\Library\usr\bin;C:\Users\Lenovo\anaconda3\Library\bin;C:\Users\Lenovo\anaconda3\Scripts;C:\Users\Lenovo\AppData\Local\Programs\Eclipse Adoptium\jdk-21.0.10.7-hotspot\bin;C:\Users\Lenovo\AppData\Local\Programs\Eclipse Adoptium\jdk-25.0.2.10-hotspot\bin;C:\Users\Lenovo\AppData\Local\Programs\Python\Python313\Scripts\;C:\Users\Lenovo\AppData\Local\Programs\Python\Python313\;C:\Users\Lenovo\AppData\Local\Programs\Eclipse Adoptium\jdk-17.0.18.8-hotspot\bin;C:\Users\Lenovo\AppData\Local\Microsoft\WindowsApps;C:\Users\Lenovo\AppData\Local\Programs\Microsoft VS Code\bin;C:\Users\Lenovo\AppData\Roaming\npm
USERNAME=Lenovo
OS=Windows_NT
PROCESSOR_IDENTIFIER=Intel64 Family 6 Model 186 Stepping 2, GenuineIntel
TMP=C:\Users\Lenovo\AppData\Local\Temp
TEMP=C:\Users\Lenovo\AppData\Local\Temp




Periodic native trim disabled

---------------  S Y S T E M  ---------------

OS:
 Windows 11 , 64 bit Build 26100 (10.0.26100.7920)
OS uptime: 3 days 16:52 hours
Hyper-V role detected

CPU: total 12 (initial active 12) (6 cores per cpu, 2 threads per core) family 6 model 186 stepping 2 microcode 0x6134, cx8, cmov, fxsr, ht, mmx, 3dnowpref, sse, sse2, sse3, ssse3, sse4.1, sse4.2, popcnt, lzcnt, tsc, tscinvbit, avx, avx2, aes, erms, clmul, bmi1, bmi2, adx, sha, fma, vzeroupper, clflush, clflushopt, clwb, hv, serialize, rdtscp, rdpid, fsrm, f16c, cet_ibt, cet_ss
Processor Information for processor 0
  Max Mhz: 2100, Current Mhz: 2100, Mhz Limit: 2100
Processor Information for processor 1
  Max Mhz: 2100, Current Mhz: 2100, Mhz Limit: 2100
Processor Information for processor 2
  Max Mhz: 2100, Current Mhz: 2100, Mhz Limit: 2100
Processor Information for processor 3
  Max Mhz: 2100, Current Mhz: 2100, Mhz Limit: 2100
Processor Information for processor 4
  Max Mhz: 2100, Current Mhz: 2100, Mhz Limit: 2100
Processor Information for processor 5
  Max Mhz: 2100, Current Mhz: 2100, Mhz Limit: 2100
Processor Information for processor 6
  Max Mhz: 2100, Current Mhz: 2100, Mhz Limit: 2100
Processor Information for processor 7
  Max Mhz: 2100, Current Mhz: 2100, Mhz Limit: 2100
Processor Information for processor 8
  Max Mhz: 2100, Current Mhz: 1540, Mhz Limit: 2100
Processor Information for processor 9
  Max Mhz: 2100, Current Mhz: 1540, Mhz Limit: 2100
Processor Information for processor 10
  Max Mhz: 2100, Current Mhz: 2100, Mhz Limit: 2100
Processor Information for processor 11
  Max Mhz: 2100, Current Mhz: 2100, Mhz Limit: 2100

Memory: 4k page, system-wide physical 16044M (4294M free)
TotalPageFile size 50761M (AvailPageFile size 16M)
current process WorkingSet (physical memory assigned to process): 1037M, peak: 1039M
current process commit charge ("private bytes"): 1521M, peak: 1539M

vm_info: OpenJDK 64-Bit Server VM (21.0.10+7-LTS) for windows-amd64 JRE (21.0.10+7-LTS), built on 2026-01-20T00:00:00Z by "admin" with MS VC++ 17.12 (VS2022)

END.
